c:\users\hector\documents\master\gc\proyectosig-vs13\hola\debug\vc120.pdb
c:\users\hector\documents\master\gc\proyectosig-vs13\hola\debug\vc120.idb
c:\users\hector\documents\master\gc\proyectosig-vs13\hola\debug\escena.obj
c:\users\hector\documents\master\gc\proyectosig-vs13\hola\debug\main.obj
c:\users\hector\documents\master\gc\proyectosig-vs13\hola\debug\tipos.obj
c:\users\hector\documents\master\gc\proyectosig-vs13\bin\holadebug.ilk
c:\users\hector\documents\master\gc\proyectosig-vs13\bin\holadebug.exe
c:\users\hector\documents\master\gc\proyectosig-vs13\bin\holadebug.pdb
c:\users\hector\documents\master\gc\practicas\trunk\practica1-vs2013\hola\debug\escena.obj
c:\users\hector\documents\master\gc\practicas\trunk\practica1-vs2013\hola\debug\main.obj
c:\users\hector\documents\master\gc\practicas\trunk\practica1-vs2013\hola\debug\tipos.obj
c:\users\hector\documents\master\gc\practicas\trunk\practica1-vs2013\hola\debug\vc120.idb
c:\users\hector\documents\master\gc\practicas\trunk\practica1-vs2013\hola\debug\vc120.pdb
c:\users\hector\documents\master\gc\practicas\trunk\practica1-vs2013\bin\holadebug.pdb
c:\users\hector\documents\master\gc\practicas\trunk\practica1-vs2013\bin\holadebug.exe
c:\users\hector\documents\master\gc\practicas\trunk\practica1-vs2013\bin\holadebug.ilk
c:\users\hector\documents\master\gc\practicas\trunk\practica1-vs2013\hola\debug\hola.tlog\cl.command.1.tlog
c:\users\hector\documents\master\gc\practicas\trunk\practica1-vs2013\hola\debug\hola.tlog\cl.read.1.tlog
c:\users\hector\documents\master\gc\practicas\trunk\practica1-vs2013\hola\debug\hola.tlog\cl.write.1.tlog
c:\users\hector\documents\master\gc\practicas\trunk\practica1-vs2013\hola\debug\hola.tlog\link.command.1.tlog
c:\users\hector\documents\master\gc\practicas\trunk\practica1-vs2013\hola\debug\hola.tlog\link.read.1.tlog
c:\users\hector\documents\master\gc\practicas\trunk\practica1-vs2013\hola\debug\hola.tlog\link.write.1.tlog
